
nrf51_blink.elf:     file format elf32-littlearm


Disassembly of section .text:

00000000 <vector_table>:
   0:	20001000 	.word	0x20001000
   4:	00000011 	.word	0x00000011
   8:	00000022 	.word	0x00000022
   c:	00000022 	.word	0x00000022

00000010 <__start>:
  10:	490a      	ldr	r1, [pc, #40]	; (3c <led_toogle+0xc>)
  12:	480b      	ldr	r0, [pc, #44]	; (40 <led_toogle+0x10>)
  14:	6001      	str	r1, [r0, #0]

00000016 <loop>:
  16:	46c0      	nop			; (mov r8, r8)
  18:	f000 f804 	bl	24 <delay>
  1c:	f000 f808 	bl	30 <led_toogle>
  20:	e7f9      	b.n	16 <loop>

00000022 <fault>:
  22:	e7fe      	b.n	22 <fault>

00000024 <delay>:
  24:	4807      	ldr	r0, [pc, #28]	; (44 <led_toogle+0x14>)

00000026 <loop2>:
  26:	46c0      	nop			; (mov r8, r8)
  28:	3801      	subs	r0, #1
  2a:	2800      	cmp	r0, #0
  2c:	dafb      	bge.n	26 <loop2>
  2e:	4770      	bx	lr

00000030 <led_toogle>:
  30:	4805      	ldr	r0, [pc, #20]	; (48 <led_toogle+0x18>)
  32:	6801      	ldr	r1, [r0, #0]
  34:	4a01      	ldr	r2, [pc, #4]	; (3c <led_toogle+0xc>)
  36:	4051      	eors	r1, r2
  38:	6001      	str	r1, [r0, #0]
  3a:	4770      	bx	lr
  3c:	00200000 	.word	0x00200000
  40:	50000514 	.word	0x50000514
  44:	00030d40 	.word	0x00030d40
  48:	50000504 	.word	0x50000504
